This file contains any messages produced by compilers while
running configure, to aid debugging if configure makes a mistake.

It was created by xf86-video-siliconmotion configure 4.0.6, which was
generated by GNU Autoconf 2.68.  Invocation command line was

  $ ./configure --enable-smirandr

## --------- ##
## Platform. ##
## --------- ##

hostname = bender
uname -m = x86_64
uname -r = 3.2.0-65-generic
uname -s = Linux
uname -v = #99-Ubuntu SMP Fri Jul 4 21:03:29 UTC 2014

/usr/bin/uname -p = unknown
/bin/uname -X     = unknown

/bin/arch              = unknown
/usr/bin/arch -k       = unknown
/usr/convex/getsysinfo = unknown
/usr/bin/hostinfo      = unknown
/bin/machine           = unknown
/usr/bin/oslevel       = unknown
/bin/universe          = unknown

PATH: /usr/lib/lightdm/lightdm
PATH: /usr/local/sbin
PATH: /usr/local/bin
PATH: /usr/sbin
PATH: /usr/bin
PATH: /sbin
PATH: /bin
PATH: /usr/games


## ----------- ##
## Core tests. ##
## ----------- ##

configure:2264: checking for a BSD-compatible install
configure:2332: result: /usr/bin/install -c
configure:2343: checking whether build environment is sane
configure:2393: result: yes
configure:2534: checking for a thread-safe mkdir -p
configure:2573: result: /bin/mkdir -p
configure:2586: checking for gawk
configure:2602: found /usr/bin/gawk
configure:2613: result: gawk
configure:2624: checking whether make sets $(MAKE)
configure:2646: result: yes
configure:2728: checking whether to enable maintainer-specific portions of Makefiles
configure:2737: result: no
configure:2812: checking build system type
configure:2826: result: x86_64-unknown-linux-gnu
configure:2846: checking host system type
configure:2859: result: x86_64-unknown-linux-gnu
configure:2900: checking how to print strings
configure:2927: result: printf
configure:2960: checking for style of include used by make
configure:2988: result: GNU
configure:3059: checking for gcc
configure:3075: found /usr/bin/gcc
configure:3086: result: gcc
configure:3315: checking for C compiler version
configure:3324: gcc --version >&5
gcc (Ubuntu/Linaro 4.6.3-1ubuntu5) 4.6.3
Copyright (C) 2011 Free Software Foundation, Inc.
This is free software; see the source for copying conditions.  There is NO
warranty; not even for MERCHANTABILITY or FITNESS FOR A PARTICULAR PURPOSE.

configure:3335: $? = 0
configure:3324: gcc -v >&5
Using built-in specs.
COLLECT_GCC=gcc
COLLECT_LTO_WRAPPER=/usr/lib/gcc/x86_64-linux-gnu/4.6/lto-wrapper
Target: x86_64-linux-gnu
Configured with: ../src/configure -v --with-pkgversion='Ubuntu/Linaro 4.6.3-1ubuntu5' --with-bugurl=file:///usr/share/doc/gcc-4.6/README.Bugs --enable-languages=c,c++,fortran,objc,obj-c++ --prefix=/usr --program-suffix=-4.6 --enable-shared --enable-linker-build-id --with-system-zlib --libexecdir=/usr/lib --without-included-gettext --enable-threads=posix --with-gxx-include-dir=/usr/include/c++/4.6 --libdir=/usr/lib --enable-nls --with-sysroot=/ --enable-clocale=gnu --enable-libstdcxx-debug --enable-libstdcxx-time=yes --enable-gnu-unique-object --enable-plugin --enable-objc-gc --disable-werror --with-arch-32=i686 --with-tune=generic --enable-checking=release --build=x86_64-linux-gnu --host=x86_64-linux-gnu --target=x86_64-linux-gnu
Thread model: posix
gcc version 4.6.3 (Ubuntu/Linaro 4.6.3-1ubuntu5) 
configure:3335: $? = 0
configure:3324: gcc -V >&5
gcc: error: unrecognized option '-V'
gcc: fatal error: no input files
compilation terminated.
configure:3335: $? = 4
configure:3324: gcc -qversion >&5
gcc: error: unrecognized option '-qversion'
gcc: fatal error: no input files
compilation terminated.
configure:3335: $? = 4
configure:3355: checking whether the C compiler works
configure:3377: gcc    conftest.c  >&5
configure:3381: $? = 0
configure:3429: result: yes
configure:3432: checking for C compiler default output file name
configure:3434: result: a.out
configure:3440: checking for suffix of executables
configure:3447: gcc -o conftest    conftest.c  >&5
configure:3451: $? = 0
configure:3473: result: 
configure:3495: checking whether we are cross compiling
configure:3503: gcc -o conftest    conftest.c  >&5
configure:3507: $? = 0
configure:3514: ./conftest
configure:3518: $? = 0
configure:3533: result: no
configure:3538: checking for suffix of object files
configure:3560: gcc -c   conftest.c >&5
configure:3564: $? = 0
configure:3585: result: o
configure:3589: checking whether we are using the GNU C compiler
configure:3608: gcc -c   conftest.c >&5
configure:3608: $? = 0
configure:3617: result: yes
configure:3626: checking whether gcc accepts -g
configure:3646: gcc -c -g  conftest.c >&5
configure:3646: $? = 0
configure:3687: result: yes
configure:3704: checking for gcc option to accept ISO C89
configure:3768: gcc  -c -g -O2  conftest.c >&5
configure:3768: $? = 0
configure:3781: result: none needed
configure:3803: checking dependency style of gcc
configure:3914: result: gcc3
configure:3929: checking for a sed that does not truncate output
configure:3993: result: /bin/sed
configure:4011: checking for grep that handles long lines and -e
configure:4069: result: /bin/grep
configure:4074: checking for egrep
configure:4136: result: /bin/grep -E
configure:4141: checking for fgrep
configure:4203: result: /bin/grep -F
configure:4238: checking for ld used by gcc
configure:4305: result: /usr/bin/ld
configure:4312: checking if the linker (/usr/bin/ld) is GNU ld
configure:4327: result: yes
configure:4339: checking for BSD- or MS-compatible name lister (nm)
configure:4388: result: /usr/bin/nm -B
configure:4518: checking the name lister (/usr/bin/nm -B) interface
configure:4525: gcc -c -g -O2  conftest.c >&5
configure:4528: /usr/bin/nm -B "conftest.o"
configure:4531: output
0000000000000000 B some_variable
configure:4538: result: BSD nm
configure:4541: checking whether ln -s works
configure:4545: result: yes
configure:4553: checking the maximum length of command line arguments
configure:4683: result: 1572864
configure:4700: checking whether the shell understands some XSI constructs
configure:4710: result: yes
configure:4714: checking whether the shell understands "+="
configure:4720: result: yes
configure:4755: checking how to convert x86_64-unknown-linux-gnu file names to x86_64-unknown-linux-gnu format
configure:4795: result: func_convert_file_noop
configure:4802: checking how to convert x86_64-unknown-linux-gnu file names to toolchain format
configure:4822: result: func_convert_file_noop
configure:4829: checking for /usr/bin/ld option to reload object files
configure:4836: result: -r
configure:4910: checking for objdump
configure:4926: found /usr/bin/objdump
configure:4937: result: objdump
configure:4969: checking how to recognize dependent libraries
configure:5171: result: pass_all
configure:5256: checking for dlltool
configure:5286: result: no
configure:5316: checking how to associate runtime and link libraries
configure:5343: result: printf %s\n
configure:5404: checking for ar
configure:5420: found /usr/bin/ar
configure:5431: result: ar
configure:5468: checking for archiver @FILE support
configure:5485: gcc -c -g -O2  conftest.c >&5
configure:5485: $? = 0
configure:5488: ar cru libconftest.a @conftest.lst >&5
configure:5491: $? = 0
configure:5496: ar cru libconftest.a @conftest.lst >&5
ar: conftest.o: No such file or directory
configure:5499: $? = 1
configure:5511: result: @
configure:5569: checking for strip
configure:5585: found /usr/bin/strip
configure:5596: result: strip
configure:5668: checking for ranlib
configure:5684: found /usr/bin/ranlib
configure:5695: result: ranlib
configure:5797: checking command to parse /usr/bin/nm -B output from gcc object
configure:5917: gcc -c -g -O2  conftest.c >&5
configure:5920: $? = 0
configure:5924: /usr/bin/nm -B conftest.o \| sed -n -e 's/^.*[ ]\([ABCDGIRSTW][ABCDGIRSTW]*\)[ ][ ]*\([_A-Za-z][_A-Za-z0-9]*\)$/\1 \2 \2/p' | sed '/ __gnu_lto/d' \> conftest.nm
configure:5927: $? = 0
configure:5993: gcc -o conftest -g -O2   conftest.c conftstm.o >&5
configure:5996: $? = 0
configure:6034: result: ok
configure:6071: checking for sysroot
configure:6101: result: no
configure:6178: gcc -c -g -O2  conftest.c >&5
configure:6181: $? = 0
configure:6357: checking for mt
configure:6373: found /bin/mt
configure:6384: result: mt
configure:6407: checking if mt is a manifest tool
configure:6413: mt '-?'
configure:6421: result: no
configure:7063: checking how to run the C preprocessor
configure:7094: gcc -E  conftest.c
configure:7094: $? = 0
configure:7108: gcc -E  conftest.c
conftest.c:11:28: fatal error: ac_nonexistent.h: No such file or directory
compilation terminated.
configure:7108: $? = 1
configure: failed program was:
| /* confdefs.h */
| #define PACKAGE_NAME "xf86-video-siliconmotion"
| #define PACKAGE_TARNAME "xf86-video-siliconmotion"
| #define PACKAGE_VERSION "4.0.6"
| #define PACKAGE_STRING "xf86-video-siliconmotion 4.0.6"
| #define PACKAGE_BUGREPORT "https://bugs.freedesktop.org/enter_bug.cgi?product=xorg&component=Driver/siliconmotion"
| #define PACKAGE_URL ""
| #define PACKAGE "xf86-video-siliconmotion"
| #define VERSION "4.0.6"
| /* end confdefs.h.  */
| #include <ac_nonexistent.h>
configure:7133: result: gcc -E
configure:7153: gcc -E  conftest.c
configure:7153: $? = 0
configure:7167: gcc -E  conftest.c
conftest.c:11:28: fatal error: ac_nonexistent.h: No such file or directory
compilation terminated.
configure:7167: $? = 1
configure: failed program was:
| /* confdefs.h */
| #define PACKAGE_NAME "xf86-video-siliconmotion"
| #define PACKAGE_TARNAME "xf86-video-siliconmotion"
| #define PACKAGE_VERSION "4.0.6"
| #define PACKAGE_STRING "xf86-video-siliconmotion 4.0.6"
| #define PACKAGE_BUGREPORT "https://bugs.freedesktop.org/enter_bug.cgi?product=xorg&component=Driver/siliconmotion"
| #define PACKAGE_URL ""
| #define PACKAGE "xf86-video-siliconmotion"
| #define VERSION "4.0.6"
| /* end confdefs.h.  */
| #include <ac_nonexistent.h>
configure:7196: checking for ANSI C header files
configure:7216: gcc -c -g -O2  conftest.c >&5
configure:7216: $? = 0
configure:7289: gcc -o conftest -g -O2   conftest.c  >&5
configure:7289: $? = 0
configure:7289: ./conftest
configure:7289: $? = 0
configure:7300: result: yes
configure:7313: checking for sys/types.h
configure:7313: gcc -c -g -O2  conftest.c >&5
configure:7313: $? = 0
configure:7313: result: yes
configure:7313: checking for sys/stat.h
configure:7313: gcc -c -g -O2  conftest.c >&5
configure:7313: $? = 0
configure:7313: result: yes
configure:7313: checking for stdlib.h
configure:7313: gcc -c -g -O2  conftest.c >&5
configure:7313: $? = 0
configure:7313: result: yes
configure:7313: checking for string.h
configure:7313: gcc -c -g -O2  conftest.c >&5
configure:7313: $? = 0
configure:7313: result: yes
configure:7313: checking for memory.h
configure:7313: gcc -c -g -O2  conftest.c >&5
configure:7313: $? = 0
configure:7313: result: yes
configure:7313: checking for strings.h
configure:7313: gcc -c -g -O2  conftest.c >&5
configure:7313: $? = 0
configure:7313: result: yes
configure:7313: checking for inttypes.h
configure:7313: gcc -c -g -O2  conftest.c >&5
configure:7313: $? = 0
configure:7313: result: yes
configure:7313: checking for stdint.h
configure:7313: gcc -c -g -O2  conftest.c >&5
configure:7313: $? = 0
configure:7313: result: yes
configure:7313: checking for unistd.h
configure:7313: gcc -c -g -O2  conftest.c >&5
configure:7313: $? = 0
configure:7313: result: yes
configure:7327: checking for dlfcn.h
configure:7327: gcc -c -g -O2  conftest.c >&5
configure:7327: $? = 0
configure:7327: result: yes
configure:7503: checking for objdir
configure:7518: result: .libs
configure:7785: checking if gcc supports -fno-rtti -fno-exceptions
configure:7803: gcc -c -g -O2  -fno-rtti -fno-exceptions conftest.c >&5
cc1: warning: command line option '-fno-rtti' is valid for C++/ObjC++ but not for C [enabled by default]
configure:7807: $? = 0
configure:7820: result: no
configure:8147: checking for gcc option to produce PIC
configure:8154: result: -fPIC -DPIC
configure:8162: checking if gcc PIC flag -fPIC -DPIC works
configure:8180: gcc -c -g -O2  -fPIC -DPIC -DPIC conftest.c >&5
configure:8184: $? = 0
configure:8197: result: yes
configure:8226: checking if gcc static flag -static works
configure:8254: result: yes
configure:8269: checking if gcc supports -c -o file.o
configure:8290: gcc -c -g -O2  -o out/conftest2.o conftest.c >&5
configure:8294: $? = 0
configure:8316: result: yes
configure:8324: checking if gcc supports -c -o file.o
configure:8371: result: yes
configure:8404: checking whether the gcc linker (/usr/bin/ld -m elf_x86_64) supports shared libraries
configure:9561: result: yes
configure:9598: checking whether -lc should be explicitly linked in
configure:9606: gcc -c -g -O2  conftest.c >&5
configure:9609: $? = 0
configure:9624: gcc -shared  -fPIC -DPIC conftest.o  -v -Wl,-soname -Wl,conftest -o conftest 2\>\&1 \| /bin/grep  -lc  \>/dev/null 2\>\&1
configure:9627: $? = 0
configure:9641: result: no
configure:9801: checking dynamic linker characteristics
configure:10312: gcc -o conftest -g -O2   -Wl,-rpath -Wl,/foo conftest.c  >&5
configure:10312: $? = 0
configure:10546: result: GNU/Linux ld.so
configure:10653: checking how to hardcode library paths into programs
configure:10678: result: immediate
configure:11218: checking whether stripping libraries is possible
configure:11223: result: yes
configure:11258: checking if libtool supports shared libraries
configure:11260: result: yes
configure:11263: checking whether to build shared libraries
configure:11284: result: yes
configure:11287: checking whether to build static libraries
configure:11291: result: no
configure:11376: checking for gcc
configure:11403: result: gcc
configure:11632: checking for C compiler version
configure:11641: gcc --version >&5
gcc (Ubuntu/Linaro 4.6.3-1ubuntu5) 4.6.3
Copyright (C) 2011 Free Software Foundation, Inc.
This is free software; see the source for copying conditions.  There is NO
warranty; not even for MERCHANTABILITY or FITNESS FOR A PARTICULAR PURPOSE.

configure:11652: $? = 0
configure:11641: gcc -v >&5
Using built-in specs.
COLLECT_GCC=gcc
COLLECT_LTO_WRAPPER=/usr/lib/gcc/x86_64-linux-gnu/4.6/lto-wrapper
Target: x86_64-linux-gnu
Configured with: ../src/configure -v --with-pkgversion='Ubuntu/Linaro 4.6.3-1ubuntu5' --with-bugurl=file:///usr/share/doc/gcc-4.6/README.Bugs --enable-languages=c,c++,fortran,objc,obj-c++ --prefix=/usr --program-suffix=-4.6 --enable-shared --enable-linker-build-id --with-system-zlib --libexecdir=/usr/lib --without-included-gettext --enable-threads=posix --with-gxx-include-dir=/usr/include/c++/4.6 --libdir=/usr/lib --enable-nls --with-sysroot=/ --enable-clocale=gnu --enable-libstdcxx-debug --enable-libstdcxx-time=yes --enable-gnu-unique-object --enable-plugin --enable-objc-gc --disable-werror --with-arch-32=i686 --with-tune=generic --enable-checking=release --build=x86_64-linux-gnu --host=x86_64-linux-gnu --target=x86_64-linux-gnu
Thread model: posix
gcc version 4.6.3 (Ubuntu/Linaro 4.6.3-1ubuntu5) 
configure:11652: $? = 0
configure:11641: gcc -V >&5
gcc: error: unrecognized option '-V'
gcc: fatal error: no input files
compilation terminated.
configure:11652: $? = 4
configure:11641: gcc -qversion >&5
gcc: error: unrecognized option '-qversion'
gcc: fatal error: no input files
compilation terminated.
configure:11652: $? = 4
configure:11656: checking whether we are using the GNU C compiler
configure:11684: result: yes
configure:11693: checking whether gcc accepts -g
configure:11754: result: yes
configure:11771: checking for gcc option to accept ISO C89
configure:11848: result: none needed
configure:11870: checking dependency style of gcc
configure:11981: result: gcc3
configure:12095: checking for pkg-config
configure:12113: found /usr/bin/pkg-config
configure:12125: result: /usr/bin/pkg-config
configure:12150: checking pkg-config is at least version 0.9.0
configure:12153: result: yes
configure:12163: checking for XORG
configure:12170: $PKG_CONFIG --exists --print-errors "xorg-server >= 1.0.99.901 xproto fontsproto $REQUIRED_MODULES"
configure:12173: $? = 0
configure:12187: $PKG_CONFIG --exists --print-errors "xorg-server >= 1.0.99.901 xproto fontsproto $REQUIRED_MODULES"
configure:12190: $? = 0
configure:12248: result: yes
configure:12257: checking whether XSERVER_LIBPCIACCESS is declared
configure:12257: gcc -c -g -O2  -fvisibility=hidden -I/usr/include/pixman-1 -I/usr/include/xorg   conftest.c >&5
configure:12257: $? = 0
configure:12257: result: yes
configure:12265: checking for xf86Modes.h
configure:12265: gcc -c -g -O2  -fvisibility=hidden -I/usr/include/pixman-1 -I/usr/include/xorg   conftest.c >&5
configure:12265: $? = 0
configure:12265: result: yes
configure:12277: checking for ANSI C header files
configure:12381: result: yes
configure:12393: checking for PCIACCESS
configure:12400: $PKG_CONFIG --exists --print-errors "pciaccess >= 0.8.0"
configure:12403: $? = 0
configure:12417: $PKG_CONFIG --exists --print-errors "pciaccess >= 0.8.0"
configure:12420: $? = 0
configure:12478: result: yes
configure:12507: checking for gcc option to accept ISO C99
configure:12656: gcc  -c -g -O2  conftest.c >&5
conftest.c:76:29: error: expected ';', ',' or ')' before 'text'
conftest.c: In function 'main':
conftest.c:130:18: error: expected '=', ',', ';', 'asm' or '__attribute__' before 'newvar'
conftest.c:130:18: error: 'newvar' undeclared (first use in this function)
conftest.c:130:18: note: each undeclared identifier is reported only once for each function it appears in
conftest.c:140:3: error: 'for' loop initial declarations are only allowed in C99 mode
conftest.c:140:3: note: use option -std=c99 or -std=gnu99 to compile your code
configure:12656: $? = 1
configure: failed program was:
| /* confdefs.h */
| #define PACKAGE_NAME "xf86-video-siliconmotion"
| #define PACKAGE_TARNAME "xf86-video-siliconmotion"
| #define PACKAGE_VERSION "4.0.6"
| #define PACKAGE_STRING "xf86-video-siliconmotion 4.0.6"
| #define PACKAGE_BUGREPORT "https://bugs.freedesktop.org/enter_bug.cgi?product=xorg&component=Driver/siliconmotion"
| #define PACKAGE_URL ""
| #define PACKAGE "xf86-video-siliconmotion"
| #define VERSION "4.0.6"
| #define STDC_HEADERS 1
| #define HAVE_SYS_TYPES_H 1
| #define HAVE_SYS_STAT_H 1
| #define HAVE_STDLIB_H 1
| #define HAVE_STRING_H 1
| #define HAVE_MEMORY_H 1
| #define HAVE_STRINGS_H 1
| #define HAVE_INTTYPES_H 1
| #define HAVE_STDINT_H 1
| #define HAVE_UNISTD_H 1
| #define HAVE_DLFCN_H 1
| #define LT_OBJDIR ".libs/"
| #define SMI_RANDR 1
| #define STDC_HEADERS 1
| #define HAVE_XMODES 1
| /* end confdefs.h.  */
| #include <stdarg.h>
| #include <stdbool.h>
| #include <stdlib.h>
| #include <wchar.h>
| #include <stdio.h>
| 
| // Check varargs macros.  These examples are taken from C99 6.10.3.5.
| #define debug(...) fprintf (stderr, __VA_ARGS__)
| #define showlist(...) puts (#__VA_ARGS__)
| #define report(test,...) ((test) ? puts (#test) : printf (__VA_ARGS__))
| static void
| test_varargs_macros (void)
| {
|   int x = 1234;
|   int y = 5678;
|   debug ("Flag");
|   debug ("X = %d\n", x);
|   showlist (The first, second, and third items.);
|   report (x>y, "x is %d but y is %d", x, y);
| }
| 
| // Check long long types.
| #define BIG64 18446744073709551615ull
| #define BIG32 4294967295ul
| #define BIG_OK (BIG64 / BIG32 == 4294967297ull && BIG64 % BIG32 == 0)
| #if !BIG_OK
|   your preprocessor is broken;
| #endif
| #if BIG_OK
| #else
|   your preprocessor is broken;
| #endif
| static long long int bignum = -9223372036854775807LL;
| static unsigned long long int ubignum = BIG64;
| 
| struct incomplete_array
| {
|   int datasize;
|   double data[];
| };
| 
| struct named_init {
|   int number;
|   const wchar_t *name;
|   double average;
| };
| 
| typedef const char *ccp;
| 
| static inline int
| test_restrict (ccp restrict text)
| {
|   // See if C++-style comments work.
|   // Iterate through items via the restricted pointer.
|   // Also check for declarations in for loops.
|   for (unsigned int i = 0; *(text+i) != '\0'; ++i)
|     continue;
|   return 0;
| }
| 
| // Check varargs and va_copy.
| static void
| test_varargs (const char *format, ...)
| {
|   va_list args;
|   va_start (args, format);
|   va_list args_copy;
|   va_copy (args_copy, args);
| 
|   const char *str;
|   int number;
|   float fnumber;
| 
|   while (*format)
|     {
|       switch (*format++)
| 	{
| 	case 's': // string
| 	  str = va_arg (args_copy, const char *);
| 	  break;
| 	case 'd': // int
| 	  number = va_arg (args_copy, int);
| 	  break;
| 	case 'f': // float
| 	  fnumber = va_arg (args_copy, double);
| 	  break;
| 	default:
| 	  break;
| 	}
|     }
|   va_end (args_copy);
|   va_end (args);
| }
| 
| int
| main ()
| {
| 
|   // Check bool.
|   _Bool success = false;
| 
|   // Check restrict.
|   if (test_restrict ("String literal") == 0)
|     success = true;
|   char *restrict newvar = "Another string";
| 
|   // Check varargs.
|   test_varargs ("s, d' f .", "string", 65, 34.234);
|   test_varargs_macros ();
| 
|   // Check flexible array members.
|   struct incomplete_array *ia =
|     malloc (sizeof (struct incomplete_array) + (sizeof (double) * 10));
|   ia->datasize = 10;
|   for (int i = 0; i < ia->datasize; ++i)
|     ia->data[i] = i * 1.234;
| 
|   // Check named initializers.
|   struct named_init ni = {
|     .number = 34,
|     .name = L"Test wide string",
|     .average = 543.34343,
|   };
| 
|   ni.number = 58;
| 
|   int dynamic_array[ni.number];
|   dynamic_array[ni.number - 1] = 543;
| 
|   // work around unused variable warnings
|   return (!success || bignum == 0LL || ubignum == 0uLL || newvar[0] == 'x'
| 	  || dynamic_array[ni.number - 1] != 543);
| 
|   ;
|   return 0;
| }
configure:12656: gcc -std=gnu99 -c -g -O2  conftest.c >&5
configure:12656: $? = 0
configure:12676: result: -std=gnu99
configure:12688: checking whether __clang__ is declared
configure:12688: gcc -std=gnu99 -c -g -O2  conftest.c >&5
conftest.c: In function 'main':
conftest.c:66:10: error: '__clang__' undeclared (first use in this function)
conftest.c:66:10: note: each undeclared identifier is reported only once for each function it appears in
configure:12688: $? = 1
configure: failed program was:
| /* confdefs.h */
| #define PACKAGE_NAME "xf86-video-siliconmotion"
| #define PACKAGE_TARNAME "xf86-video-siliconmotion"
| #define PACKAGE_VERSION "4.0.6"
| #define PACKAGE_STRING "xf86-video-siliconmotion 4.0.6"
| #define PACKAGE_BUGREPORT "https://bugs.freedesktop.org/enter_bug.cgi?product=xorg&component=Driver/siliconmotion"
| #define PACKAGE_URL ""
| #define PACKAGE "xf86-video-siliconmotion"
| #define VERSION "4.0.6"
| #define STDC_HEADERS 1
| #define HAVE_SYS_TYPES_H 1
| #define HAVE_SYS_STAT_H 1
| #define HAVE_STDLIB_H 1
| #define HAVE_STRING_H 1
| #define HAVE_MEMORY_H 1
| #define HAVE_STRINGS_H 1
| #define HAVE_INTTYPES_H 1
| #define HAVE_STDINT_H 1
| #define HAVE_UNISTD_H 1
| #define HAVE_DLFCN_H 1
| #define LT_OBJDIR ".libs/"
| #define SMI_RANDR 1
| #define STDC_HEADERS 1
| #define HAVE_XMODES 1
| /* end confdefs.h.  */
| #include <stdio.h>
| #ifdef HAVE_SYS_TYPES_H
| # include <sys/types.h>
| #endif
| #ifdef HAVE_SYS_STAT_H
| # include <sys/stat.h>
| #endif
| #ifdef STDC_HEADERS
| # include <stdlib.h>
| # include <stddef.h>
| #else
| # ifdef HAVE_STDLIB_H
| #  include <stdlib.h>
| # endif
| #endif
| #ifdef HAVE_STRING_H
| # if !defined STDC_HEADERS && defined HAVE_MEMORY_H
| #  include <memory.h>
| # endif
| # include <string.h>
| #endif
| #ifdef HAVE_STRINGS_H
| # include <strings.h>
| #endif
| #ifdef HAVE_INTTYPES_H
| # include <inttypes.h>
| #endif
| #ifdef HAVE_STDINT_H
| # include <stdint.h>
| #endif
| #ifdef HAVE_UNISTD_H
| # include <unistd.h>
| #endif
| int
| main ()
| {
| #ifndef __clang__
| #ifdef __cplusplus
|   (void) __clang__;
| #else
|   (void) __clang__;
| #endif
| #endif
| 
|   ;
|   return 0;
| }
configure:12688: result: no
configure:12695: checking whether __INTEL_COMPILER is declared
configure:12695: gcc -std=gnu99 -c -g -O2  conftest.c >&5
conftest.c: In function 'main':
conftest.c:66:10: error: '__INTEL_COMPILER' undeclared (first use in this function)
conftest.c:66:10: note: each undeclared identifier is reported only once for each function it appears in
configure:12695: $? = 1
configure: failed program was:
| /* confdefs.h */
| #define PACKAGE_NAME "xf86-video-siliconmotion"
| #define PACKAGE_TARNAME "xf86-video-siliconmotion"
| #define PACKAGE_VERSION "4.0.6"
| #define PACKAGE_STRING "xf86-video-siliconmotion 4.0.6"
| #define PACKAGE_BUGREPORT "https://bugs.freedesktop.org/enter_bug.cgi?product=xorg&component=Driver/siliconmotion"
| #define PACKAGE_URL ""
| #define PACKAGE "xf86-video-siliconmotion"
| #define VERSION "4.0.6"
| #define STDC_HEADERS 1
| #define HAVE_SYS_TYPES_H 1
| #define HAVE_SYS_STAT_H 1
| #define HAVE_STDLIB_H 1
| #define HAVE_STRING_H 1
| #define HAVE_MEMORY_H 1
| #define HAVE_STRINGS_H 1
| #define HAVE_INTTYPES_H 1
| #define HAVE_STDINT_H 1
| #define HAVE_UNISTD_H 1
| #define HAVE_DLFCN_H 1
| #define LT_OBJDIR ".libs/"
| #define SMI_RANDR 1
| #define STDC_HEADERS 1
| #define HAVE_XMODES 1
| /* end confdefs.h.  */
| #include <stdio.h>
| #ifdef HAVE_SYS_TYPES_H
| # include <sys/types.h>
| #endif
| #ifdef HAVE_SYS_STAT_H
| # include <sys/stat.h>
| #endif
| #ifdef STDC_HEADERS
| # include <stdlib.h>
| # include <stddef.h>
| #else
| # ifdef HAVE_STDLIB_H
| #  include <stdlib.h>
| # endif
| #endif
| #ifdef HAVE_STRING_H
| # if !defined STDC_HEADERS && defined HAVE_MEMORY_H
| #  include <memory.h>
| # endif
| # include <string.h>
| #endif
| #ifdef HAVE_STRINGS_H
| # include <strings.h>
| #endif
| #ifdef HAVE_INTTYPES_H
| # include <inttypes.h>
| #endif
| #ifdef HAVE_STDINT_H
| # include <stdint.h>
| #endif
| #ifdef HAVE_UNISTD_H
| # include <unistd.h>
| #endif
| int
| main ()
| {
| #ifndef __INTEL_COMPILER
| #ifdef __cplusplus
|   (void) __INTEL_COMPILER;
| #else
|   (void) __INTEL_COMPILER;
| #endif
| #endif
| 
|   ;
|   return 0;
| }
configure:12695: result: no
configure:12702: checking whether __SUNPRO_C is declared
configure:12702: gcc -std=gnu99 -c -g -O2  conftest.c >&5
conftest.c: In function 'main':
conftest.c:66:10: error: '__SUNPRO_C' undeclared (first use in this function)
conftest.c:66:10: note: each undeclared identifier is reported only once for each function it appears in
configure:12702: $? = 1
configure: failed program was:
| /* confdefs.h */
| #define PACKAGE_NAME "xf86-video-siliconmotion"
| #define PACKAGE_TARNAME "xf86-video-siliconmotion"
| #define PACKAGE_VERSION "4.0.6"
| #define PACKAGE_STRING "xf86-video-siliconmotion 4.0.6"
| #define PACKAGE_BUGREPORT "https://bugs.freedesktop.org/enter_bug.cgi?product=xorg&component=Driver/siliconmotion"
| #define PACKAGE_URL ""
| #define PACKAGE "xf86-video-siliconmotion"
| #define VERSION "4.0.6"
| #define STDC_HEADERS 1
| #define HAVE_SYS_TYPES_H 1
| #define HAVE_SYS_STAT_H 1
| #define HAVE_STDLIB_H 1
| #define HAVE_STRING_H 1
| #define HAVE_MEMORY_H 1
| #define HAVE_STRINGS_H 1
| #define HAVE_INTTYPES_H 1
| #define HAVE_STDINT_H 1
| #define HAVE_UNISTD_H 1
| #define HAVE_DLFCN_H 1
| #define LT_OBJDIR ".libs/"
| #define SMI_RANDR 1
| #define STDC_HEADERS 1
| #define HAVE_XMODES 1
| /* end confdefs.h.  */
| #include <stdio.h>
| #ifdef HAVE_SYS_TYPES_H
| # include <sys/types.h>
| #endif
| #ifdef HAVE_SYS_STAT_H
| # include <sys/stat.h>
| #endif
| #ifdef STDC_HEADERS
| # include <stdlib.h>
| # include <stddef.h>
| #else
| # ifdef HAVE_STDLIB_H
| #  include <stdlib.h>
| # endif
| #endif
| #ifdef HAVE_STRING_H
| # if !defined STDC_HEADERS && defined HAVE_MEMORY_H
| #  include <memory.h>
| # endif
| # include <string.h>
| #endif
| #ifdef HAVE_STRINGS_H
| # include <strings.h>
| #endif
| #ifdef HAVE_INTTYPES_H
| # include <inttypes.h>
| #endif
| #ifdef HAVE_STDINT_H
| # include <stdint.h>
| #endif
| #ifdef HAVE_UNISTD_H
| # include <unistd.h>
| #endif
| int
| main ()
| {
| #ifndef __SUNPRO_C
| #ifdef __cplusplus
|   (void) __SUNPRO_C;
| #else
|   (void) __SUNPRO_C;
| #endif
| #endif
| 
|   ;
|   return 0;
| }
configure:12702: result: no
configure:12749: checking if gcc -std=gnu99 supports -Werror=unknown-warning-option
configure:12758: gcc -std=gnu99 -c -g -O2 -Werror=unknown-warning-option  conftest.c >&5
cc1: error: -Werror=unknown-warning-option: no option -Wunknown-warning-option
configure:12758: $? = 1
configure: failed program was:
| /* confdefs.h */
| #define PACKAGE_NAME "xf86-video-siliconmotion"
| #define PACKAGE_TARNAME "xf86-video-siliconmotion"
| #define PACKAGE_VERSION "4.0.6"
| #define PACKAGE_STRING "xf86-video-siliconmotion 4.0.6"
| #define PACKAGE_BUGREPORT "https://bugs.freedesktop.org/enter_bug.cgi?product=xorg&component=Driver/siliconmotion"
| #define PACKAGE_URL ""
| #define PACKAGE "xf86-video-siliconmotion"
| #define VERSION "4.0.6"
| #define STDC_HEADERS 1
| #define HAVE_SYS_TYPES_H 1
| #define HAVE_SYS_STAT_H 1
| #define HAVE_STDLIB_H 1
| #define HAVE_STRING_H 1
| #define HAVE_MEMORY_H 1
| #define HAVE_STRINGS_H 1
| #define HAVE_INTTYPES_H 1
| #define HAVE_STDINT_H 1
| #define HAVE_UNISTD_H 1
| #define HAVE_DLFCN_H 1
| #define LT_OBJDIR ".libs/"
| #define SMI_RANDR 1
| #define STDC_HEADERS 1
| #define HAVE_XMODES 1
| /* end confdefs.h.  */
| int i;
configure:12765: result: no
configure:12776: checking if gcc -std=gnu99 supports -Werror=unused-command-line-argument
configure:12785: gcc -std=gnu99 -c -g -O2 -Werror=unused-command-line-argument  conftest.c >&5
cc1: error: -Werror=unused-command-line-argument: no option -Wunused-command-line-argument
configure:12785: $? = 1
configure: failed program was:
| /* confdefs.h */
| #define PACKAGE_NAME "xf86-video-siliconmotion"
| #define PACKAGE_TARNAME "xf86-video-siliconmotion"
| #define PACKAGE_VERSION "4.0.6"
| #define PACKAGE_STRING "xf86-video-siliconmotion 4.0.6"
| #define PACKAGE_BUGREPORT "https://bugs.freedesktop.org/enter_bug.cgi?product=xorg&component=Driver/siliconmotion"
| #define PACKAGE_URL ""
| #define PACKAGE "xf86-video-siliconmotion"
| #define VERSION "4.0.6"
| #define STDC_HEADERS 1
| #define HAVE_SYS_TYPES_H 1
| #define HAVE_SYS_STAT_H 1
| #define HAVE_STDLIB_H 1
| #define HAVE_STRING_H 1
| #define HAVE_MEMORY_H 1
| #define HAVE_STRINGS_H 1
| #define HAVE_INTTYPES_H 1
| #define HAVE_STDINT_H 1
| #define HAVE_UNISTD_H 1
| #define HAVE_DLFCN_H 1
| #define LT_OBJDIR ".libs/"
| #define SMI_RANDR 1
| #define STDC_HEADERS 1
| #define HAVE_XMODES 1
| /* end confdefs.h.  */
| int i;
configure:12792: result: no
configure:12811: checking if gcc -std=gnu99 supports-Wall
configure:12828: gcc -std=gnu99 -o conftest -g -O2 -Wall   conftest.c  >&5
configure:12828: $? = 0
configure:12841: result: yes
configure:12929: checking if gcc -std=gnu99 supports-Wpointer-arith
configure:12946: gcc -std=gnu99 -o conftest -g -O2 -Wpointer-arith   conftest.c  >&5
configure:12946: $? = 0
configure:12959: result: yes
configure:13047: checking if gcc -std=gnu99 supports-Wmissing-declarations
configure:13064: gcc -std=gnu99 -o conftest -g -O2 -Wmissing-declarations   conftest.c  >&5
configure:13064: $? = 0
configure:13077: result: yes
configure:13165: checking if gcc -std=gnu99 supports-Wformat=2
configure:13182: gcc -std=gnu99 -o conftest -g -O2 -Wformat=2   conftest.c  >&5
configure:13182: $? = 0
configure:13195: result: yes
configure:13334: checking if gcc -std=gnu99 supports-Wstrict-prototypes
configure:13351: gcc -std=gnu99 -o conftest -g -O2 -Wstrict-prototypes   conftest.c  >&5
conftest.c:28:1: warning: function declaration isn't a prototype [-Wstrict-prototypes]
configure:13351: $? = 0
configure:13364: result: yes
configure:13452: checking if gcc -std=gnu99 supports-Wmissing-prototypes
configure:13469: gcc -std=gnu99 -o conftest -g -O2 -Wmissing-prototypes   conftest.c  >&5
configure:13469: $? = 0
configure:13482: result: yes
configure:13570: checking if gcc -std=gnu99 supports-Wnested-externs
configure:13587: gcc -std=gnu99 -o conftest -g -O2 -Wnested-externs   conftest.c  >&5
configure:13587: $? = 0
configure:13600: result: yes
configure:13688: checking if gcc -std=gnu99 supports-Wbad-function-cast
configure:13705: gcc -std=gnu99 -o conftest -g -O2 -Wbad-function-cast   conftest.c  >&5
configure:13705: $? = 0
configure:13718: result: yes
configure:13806: checking if gcc -std=gnu99 supports-Wold-style-definition
configure:13823: gcc -std=gnu99 -o conftest -g -O2 -Wold-style-definition   conftest.c  >&5
conftest.c: In function 'main':
conftest.c:28:1: warning: old-style function definition [-Wold-style-definition]
configure:13823: $? = 0
configure:13836: result: yes
configure:13924: checking if gcc -std=gnu99 supports-Wdeclaration-after-statement
configure:13941: gcc -std=gnu99 -o conftest -g -O2 -Wdeclaration-after-statement   conftest.c  >&5
configure:13941: $? = 0
configure:13954: result: yes
configure:14046: checking if gcc -std=gnu99 supports-Wunused
configure:14063: gcc -std=gnu99 -o conftest -g -O2 -Wunused   conftest.c  >&5
configure:14063: $? = 0
configure:14076: result: yes
configure:14164: checking if gcc -std=gnu99 supports-Wuninitialized
configure:14181: gcc -std=gnu99 -o conftest -g -O2 -Wuninitialized   conftest.c  >&5
configure:14181: $? = 0
configure:14194: result: yes
configure:14282: checking if gcc -std=gnu99 supports-Wshadow
configure:14299: gcc -std=gnu99 -o conftest -g -O2 -Wshadow   conftest.c  >&5
configure:14299: $? = 0
configure:14312: result: yes
configure:14400: checking if gcc -std=gnu99 supports-Wcast-qual
configure:14417: gcc -std=gnu99 -o conftest -g -O2 -Wcast-qual   conftest.c  >&5
configure:14417: $? = 0
configure:14430: result: yes
configure:14518: checking if gcc -std=gnu99 supports-Wmissing-noreturn
configure:14535: gcc -std=gnu99 -o conftest -g -O2 -Wmissing-noreturn   conftest.c  >&5
configure:14535: $? = 0
configure:14548: result: yes
configure:14636: checking if gcc -std=gnu99 supports-Wmissing-format-attribute
configure:14653: gcc -std=gnu99 -o conftest -g -O2 -Wmissing-format-attribute   conftest.c  >&5
configure:14653: $? = 0
configure:14666: result: yes
configure:14754: checking if gcc -std=gnu99 supports-Wredundant-decls
configure:14771: gcc -std=gnu99 -o conftest -g -O2 -Wredundant-decls   conftest.c  >&5
configure:14771: $? = 0
configure:14784: result: yes
configure:14884: checking if gcc -std=gnu99 supports-Werror=implicit
configure:14901: gcc -std=gnu99 -o conftest -g -O2 -Werror=implicit   conftest.c  >&5
configure:14901: $? = 0
configure:14914: result: yes
configure:15051: checking if gcc -std=gnu99 supports-Werror=nonnull
configure:15068: gcc -std=gnu99 -o conftest -g -O2 -Werror=nonnull   conftest.c  >&5
configure:15068: $? = 0
configure:15081: result: yes
configure:15169: checking if gcc -std=gnu99 supports-Werror=init-self
configure:15186: gcc -std=gnu99 -o conftest -g -O2 -Werror=init-self   conftest.c  >&5
configure:15186: $? = 0
configure:15199: result: yes
configure:15287: checking if gcc -std=gnu99 supports-Werror=main
configure:15304: gcc -std=gnu99 -o conftest -g -O2 -Werror=main   conftest.c  >&5
configure:15304: $? = 0
configure:15317: result: yes
configure:15405: checking if gcc -std=gnu99 supports-Werror=missing-braces
configure:15422: gcc -std=gnu99 -o conftest -g -O2 -Werror=missing-braces   conftest.c  >&5
configure:15422: $? = 0
configure:15435: result: yes
configure:15523: checking if gcc -std=gnu99 supports-Werror=sequence-point
configure:15540: gcc -std=gnu99 -o conftest -g -O2 -Werror=sequence-point   conftest.c  >&5
configure:15540: $? = 0
configure:15553: result: yes
configure:15641: checking if gcc -std=gnu99 supports-Werror=return-type
configure:15658: gcc -std=gnu99 -o conftest -g -O2 -Werror=return-type   conftest.c  >&5
configure:15658: $? = 0
configure:15671: result: yes
configure:15808: checking if gcc -std=gnu99 supports-Werror=trigraphs
configure:15825: gcc -std=gnu99 -o conftest -g -O2 -Werror=trigraphs   conftest.c  >&5
configure:15825: $? = 0
configure:15838: result: yes
configure:15926: checking if gcc -std=gnu99 supports-Werror=array-bounds
configure:15943: gcc -std=gnu99 -o conftest -g -O2 -Werror=array-bounds   conftest.c  >&5
configure:15943: $? = 0
configure:15956: result: yes
configure:16044: checking if gcc -std=gnu99 supports-Werror=write-strings
configure:16061: gcc -std=gnu99 -o conftest -g -O2 -Werror=write-strings   conftest.c  >&5
configure:16061: $? = 0
configure:16074: result: yes
configure:16162: checking if gcc -std=gnu99 supports-Werror=address
configure:16179: gcc -std=gnu99 -o conftest -g -O2 -Werror=address   conftest.c  >&5
configure:16179: $? = 0
configure:16192: result: yes
configure:16280: checking if gcc -std=gnu99 supports-Werror=int-to-pointer-cast
configure:16297: gcc -std=gnu99 -o conftest -g -O2 -Werror=int-to-pointer-cast   conftest.c  >&5
configure:16297: $? = 0
configure:16310: result: yes
configure:16447: checking if gcc -std=gnu99 supports-Werror=pointer-to-int-cast
configure:16464: gcc -std=gnu99 -o conftest -g -O2 -Werror=pointer-to-int-cast   conftest.c  >&5
configure:16464: $? = 0
configure:16477: result: yes
configure:18317: creating ./config.status

## ---------------------- ##
## Running config.status. ##
## ---------------------- ##

This file was extended by xf86-video-siliconmotion config.status 4.0.6, which was
generated by GNU Autoconf 2.68.  Invocation command line was

  CONFIG_FILES    = 
  CONFIG_HEADERS  = 
  CONFIG_LINKS    = 
  CONFIG_COMMANDS = 
  $ ./config.status 

on bender

config.status:1146: creating Makefile
config.status:1146: creating src/Makefile
config.status:1146: creating src/ddk712/Makefile
config.status:1146: creating src/ddk750/Makefile
config.status:1146: creating src/ddk502/Makefile
config.status:1146: creating man/Makefile
config.status:1146: creating config.h
config.status:1327: config.h is unchanged
config.status:1375: executing depfiles commands
config.status:1375: executing libtool commands

## ---------------- ##
## Cache variables. ##
## ---------------- ##

ac_cv_build=x86_64-unknown-linux-gnu
ac_cv_c_compiler_gnu=yes
ac_cv_env_CC_set=
ac_cv_env_CC_value=
ac_cv_env_CFLAGS_set=
ac_cv_env_CFLAGS_value=
ac_cv_env_CPPFLAGS_set=
ac_cv_env_CPPFLAGS_value=
ac_cv_env_CPP_set=
ac_cv_env_CPP_value=
ac_cv_env_LDFLAGS_set=
ac_cv_env_LDFLAGS_value=
ac_cv_env_LIBS_set=
ac_cv_env_LIBS_value=
ac_cv_env_PCIACCESS_CFLAGS_set=
ac_cv_env_PCIACCESS_CFLAGS_value=
ac_cv_env_PCIACCESS_LIBS_set=
ac_cv_env_PCIACCESS_LIBS_value=
ac_cv_env_PKG_CONFIG_LIBDIR_set=
ac_cv_env_PKG_CONFIG_LIBDIR_value=
ac_cv_env_PKG_CONFIG_PATH_set=
ac_cv_env_PKG_CONFIG_PATH_value=
ac_cv_env_PKG_CONFIG_set=
ac_cv_env_PKG_CONFIG_value=
ac_cv_env_XORG_CFLAGS_set=
ac_cv_env_XORG_CFLAGS_value=
ac_cv_env_XORG_LIBS_set=
ac_cv_env_XORG_LIBS_value=
ac_cv_env_build_alias_set=
ac_cv_env_build_alias_value=
ac_cv_env_host_alias_set=
ac_cv_env_host_alias_value=
ac_cv_env_target_alias_set=
ac_cv_env_target_alias_value=
ac_cv_have_decl_XSERVER_LIBPCIACCESS=yes
ac_cv_have_decl___INTEL_COMPILER=no
ac_cv_have_decl___SUNPRO_C=no
ac_cv_have_decl___clang__=no
ac_cv_header_dlfcn_h=yes
ac_cv_header_inttypes_h=yes
ac_cv_header_memory_h=yes
ac_cv_header_stdc=yes
ac_cv_header_stdint_h=yes
ac_cv_header_stdlib_h=yes
ac_cv_header_string_h=yes
ac_cv_header_strings_h=yes
ac_cv_header_sys_stat_h=yes
ac_cv_header_sys_types_h=yes
ac_cv_header_unistd_h=yes
ac_cv_header_xf86Modes_h=yes
ac_cv_host=x86_64-unknown-linux-gnu
ac_cv_objext=o
ac_cv_path_EGREP='/bin/grep -E'
ac_cv_path_FGREP='/bin/grep -F'
ac_cv_path_GREP=/bin/grep
ac_cv_path_SED=/bin/sed
ac_cv_path_ac_pt_PKG_CONFIG=/usr/bin/pkg-config
ac_cv_path_install='/usr/bin/install -c'
ac_cv_path_mkdir=/bin/mkdir
ac_cv_prog_AWK=gawk
ac_cv_prog_CPP='gcc -E'
ac_cv_prog_ac_ct_AR=ar
ac_cv_prog_ac_ct_CC=gcc
ac_cv_prog_ac_ct_MANIFEST_TOOL=mt
ac_cv_prog_ac_ct_OBJDUMP=objdump
ac_cv_prog_ac_ct_RANLIB=ranlib
ac_cv_prog_ac_ct_STRIP=strip
ac_cv_prog_cc_c89=
ac_cv_prog_cc_c99=-std=gnu99
ac_cv_prog_cc_g=yes
ac_cv_prog_make_make_set=yes
am_cv_CC_dependencies_compiler_type=gcc3
lt_cv_ar_at_file=@
lt_cv_archive_cmds_need_lc=no
lt_cv_deplibs_check_method=pass_all
lt_cv_file_magic_cmd='$MAGIC_CMD'
lt_cv_file_magic_test_file=
lt_cv_ld_reload_flag=-r
lt_cv_nm_interface='BSD nm'
lt_cv_objdir=.libs
lt_cv_path_LD=/usr/bin/ld
lt_cv_path_NM='/usr/bin/nm -B'
lt_cv_path_mainfest_tool=no
lt_cv_prog_compiler_c_o=yes
lt_cv_prog_compiler_pic='-fPIC -DPIC'
lt_cv_prog_compiler_pic_works=yes
lt_cv_prog_compiler_rtti_exceptions=no
lt_cv_prog_compiler_static_works=yes
lt_cv_prog_gnu_ld=yes
lt_cv_sharedlib_from_linklib_cmd='printf %s\n'
lt_cv_shlibpath_overrides_runpath=no
lt_cv_sys_global_symbol_pipe='sed -n -e '\''s/^.*[	 ]\([ABCDGIRSTW][ABCDGIRSTW]*\)[	 ][	 ]*\([_A-Za-z][_A-Za-z0-9]*\)$/\1 \2 \2/p'\'' | sed '\''/ __gnu_lto/d'\'''
lt_cv_sys_global_symbol_to_c_name_address='sed -n -e '\''s/^: \([^ ]*\)[ ]*$/  {\"\1\", (void *) 0},/p'\'' -e '\''s/^[ABCDGIRSTW]* \([^ ]*\) \([^ ]*\)$/  {"\2", (void *) \&\2},/p'\'''
lt_cv_sys_global_symbol_to_c_name_address_lib_prefix='sed -n -e '\''s/^: \([^ ]*\)[ ]*$/  {\"\1\", (void *) 0},/p'\'' -e '\''s/^[ABCDGIRSTW]* \([^ ]*\) \(lib[^ ]*\)$/  {"\2", (void *) \&\2},/p'\'' -e '\''s/^[ABCDGIRSTW]* \([^ ]*\) \([^ ]*\)$/  {"lib\2", (void *) \&\2},/p'\'''
lt_cv_sys_global_symbol_to_cdecl='sed -n -e '\''s/^T .* \(.*\)$/extern int \1();/p'\'' -e '\''s/^[ABCDGIRSTW]* .* \(.*\)$/extern char \1;/p'\'''
lt_cv_sys_max_cmd_len=1572864
lt_cv_to_host_file_cmd=func_convert_file_noop
lt_cv_to_tool_file_cmd=func_convert_file_noop
pkg_cv_PCIACCESS_CFLAGS=' '
pkg_cv_PCIACCESS_LIBS='-lpciaccess  '
pkg_cv_XORG_CFLAGS='-fvisibility=hidden -I/usr/include/pixman-1 -I/usr/include/xorg  '
pkg_cv_XORG_LIBS='-lpixman-1 -lpciaccess  '
xorg_cv_cc_flag__Wall=yes
xorg_cv_cc_flag__Wbad_function_cast=yes
xorg_cv_cc_flag__Wcast_qual=yes
xorg_cv_cc_flag__Wdeclaration_after_statement=yes
xorg_cv_cc_flag__Werror_address=yes
xorg_cv_cc_flag__Werror_array_bounds=yes
xorg_cv_cc_flag__Werror_implicit=yes
xorg_cv_cc_flag__Werror_init_self=yes
xorg_cv_cc_flag__Werror_int_to_pointer_cast=yes
xorg_cv_cc_flag__Werror_main=yes
xorg_cv_cc_flag__Werror_missing_braces=yes
xorg_cv_cc_flag__Werror_nonnull=yes
xorg_cv_cc_flag__Werror_pointer_to_int_cast=yes
xorg_cv_cc_flag__Werror_return_type=yes
xorg_cv_cc_flag__Werror_sequence_point=yes
xorg_cv_cc_flag__Werror_trigraphs=yes
xorg_cv_cc_flag__Werror_write_strings=yes
xorg_cv_cc_flag__Wformat_2=yes
xorg_cv_cc_flag__Wmissing_declarations=yes
xorg_cv_cc_flag__Wmissing_format_attribute=yes
xorg_cv_cc_flag__Wmissing_noreturn=yes
xorg_cv_cc_flag__Wmissing_prototypes=yes
xorg_cv_cc_flag__Wnested_externs=yes
xorg_cv_cc_flag__Wold_style_definition=yes
xorg_cv_cc_flag__Wpointer_arith=yes
xorg_cv_cc_flag__Wredundant_decls=yes
xorg_cv_cc_flag__Wshadow=yes
xorg_cv_cc_flag__Wstrict_prototypes=yes
xorg_cv_cc_flag__Wuninitialized=yes
xorg_cv_cc_flag__Wunused=yes
xorg_cv_cc_flag_unknown_warning_option=no
xorg_cv_cc_flag_unused_command_line_argument=no

## ----------------- ##
## Output variables. ##
## ----------------- ##

ACLOCAL='${SHELL} /home/juliao/setic/siliconmotion_4.0.11/missing --run aclocal-1.11'
ADMIN_MAN_DIR='$(mandir)/man$(ADMIN_MAN_SUFFIX)'
ADMIN_MAN_SUFFIX='8'
AMDEPBACKSLASH='\'
AMDEP_FALSE='#'
AMDEP_TRUE=''
AMTAR='$${TAR-tar}'
APP_MAN_DIR='$(mandir)/man$(APP_MAN_SUFFIX)'
APP_MAN_SUFFIX='1'
AR='ar'
AUTOCONF='${SHELL} /home/juliao/setic/siliconmotion_4.0.11/missing --run autoconf'
AUTOHEADER='${SHELL} /home/juliao/setic/siliconmotion_4.0.11/missing --run autoheader'
AUTOMAKE='${SHELL} /home/juliao/setic/siliconmotion_4.0.11/missing --run automake-1.11'
AWK='gawk'
BASE_CFLAGS=' -Wall -Wpointer-arith -Wmissing-declarations -Wformat=2 -Wstrict-prototypes -Wmissing-prototypes -Wnested-externs -Wbad-function-cast -Wold-style-definition -Wdeclaration-after-statement -Wunused -Wuninitialized -Wshadow -Wcast-qual -Wmissing-noreturn -Wmissing-format-attribute -Wredundant-decls -Werror=implicit -Werror=nonnull -Werror=init-self -Werror=main -Werror=missing-braces -Werror=sequence-point -Werror=return-type -Werror=trigraphs -Werror=array-bounds -Werror=write-strings -Werror=address -Werror=int-to-pointer-cast -Werror=pointer-to-int-cast'
CC='gcc -std=gnu99'
CCDEPMODE='depmode=gcc3'
CFLAGS='-g -O2'
CHANGELOG_CMD='(GIT_DIR=$(top_srcdir)/.git git log > $(top_srcdir)/.changelog.tmp && mv $(top_srcdir)/.changelog.tmp $(top_srcdir)/ChangeLog) || (rm -f $(top_srcdir)/.changelog.tmp; touch $(top_srcdir)/ChangeLog; echo '\''git directory not found: installing possibly empty changelog.'\'' >&2)'
CPP='gcc -E'
CPPFLAGS=''
CWARNFLAGS=' -Wall -Wpointer-arith -Wmissing-declarations -Wformat=2 -Wstrict-prototypes -Wmissing-prototypes -Wnested-externs -Wbad-function-cast -Wold-style-definition -Wdeclaration-after-statement -Wunused -Wuninitialized -Wshadow -Wcast-qual -Wmissing-noreturn -Wmissing-format-attribute -Wredundant-decls -Werror=implicit -Werror=nonnull -Werror=init-self -Werror=main -Werror=missing-braces -Werror=sequence-point -Werror=return-type -Werror=trigraphs -Werror=array-bounds -Werror=write-strings -Werror=address -Werror=int-to-pointer-cast -Werror=pointer-to-int-cast -fno-strict-aliasing'
CYGPATH_W='echo'
DEFS='-DHAVE_CONFIG_H'
DEPDIR='.deps'
DLLTOOL='false'
DRIVER_MAN_DIR='$(mandir)/man$(DRIVER_MAN_SUFFIX)'
DRIVER_MAN_SUFFIX='4'
DRIVER_NAME='siliconmotion'
DSYMUTIL=''
DUMPBIN=''
ECHO_C=''
ECHO_N='-n'
ECHO_T=''
EGREP='/bin/grep -E'
EXEEXT=''
FGREP='/bin/grep -F'
FILE_MAN_DIR='$(mandir)/man$(FILE_MAN_SUFFIX)'
FILE_MAN_SUFFIX='5'
GREP='/bin/grep'
INSTALL_DATA='${INSTALL} -m 644'
INSTALL_PROGRAM='${INSTALL}'
INSTALL_SCRIPT='${INSTALL}'
INSTALL_STRIP_PROGRAM='$(install_sh) -c -s'
LD='/usr/bin/ld -m elf_x86_64'
LDFLAGS=''
LIBOBJS=''
LIBS=''
LIBTOOL='$(SHELL) $(top_builddir)/libtool'
LIB_MAN_DIR='$(mandir)/man$(LIB_MAN_SUFFIX)'
LIB_MAN_SUFFIX='3'
LIPO=''
LN_S='ln -s'
LTLIBOBJS=''
MAINT='#'
MAINTAINER_MODE_FALSE=''
MAINTAINER_MODE_TRUE='#'
MAKEINFO='${SHELL} /home/juliao/setic/siliconmotion_4.0.11/missing --run makeinfo'
MANIFEST_TOOL=':'
MAN_SUBSTS='	-e '\''s|__vendorversion__|"$(PACKAGE_STRING)" "$(XORG_MAN_PAGE)"|'\'' 	-e '\''s|__xorgversion__|"$(PACKAGE_STRING)" "$(XORG_MAN_PAGE)"|'\'' 	-e '\''s|__xservername__|Xorg|g'\'' 	-e '\''s|__xconfigfile__|xorg.conf|g'\'' 	-e '\''s|__projectroot__|$(prefix)|g'\'' 	-e '\''s|__apploaddir__|$(appdefaultdir)|g'\'' 	-e '\''s|__appmansuffix__|$(APP_MAN_SUFFIX)|g'\'' 	-e '\''s|__drivermansuffix__|$(DRIVER_MAN_SUFFIX)|g'\'' 	-e '\''s|__adminmansuffix__|$(ADMIN_MAN_SUFFIX)|g'\'' 	-e '\''s|__libmansuffix__|$(LIB_MAN_SUFFIX)|g'\'' 	-e '\''s|__miscmansuffix__|$(MISC_MAN_SUFFIX)|g'\'' 	-e '\''s|__filemansuffix__|$(FILE_MAN_SUFFIX)|g'\'''
MISC_MAN_DIR='$(mandir)/man$(MISC_MAN_SUFFIX)'
MISC_MAN_SUFFIX='7'
MKDIR_P='/bin/mkdir -p'
NM='/usr/bin/nm -B'
NMEDIT=''
OBJDUMP='objdump'
OBJEXT='o'
OTOOL64=''
OTOOL=''
PACKAGE='xf86-video-siliconmotion'
PACKAGE_BUGREPORT='https://bugs.freedesktop.org/enter_bug.cgi?product=xorg&component=Driver/siliconmotion'
PACKAGE_NAME='xf86-video-siliconmotion'
PACKAGE_STRING='xf86-video-siliconmotion 4.0.6'
PACKAGE_TARNAME='xf86-video-siliconmotion'
PACKAGE_URL=''
PACKAGE_VERSION='4.0.6'
PATH_SEPARATOR=':'
PCIACCESS_CFLAGS=' '
PCIACCESS_LIBS='-lpciaccess  '
PKG_CONFIG='/usr/bin/pkg-config'
PKG_CONFIG_LIBDIR=''
PKG_CONFIG_PATH=''
RANLIB='ranlib'
SED='/bin/sed'
SET_MAKE=''
SHELL='/bin/bash'
STRIP='strip'
VERSION='4.0.6'
XMODES_FALSE='#'
XMODES_TRUE=''
XORG_CFLAGS=' -Wall -Wpointer-arith -Wmissing-declarations -Wformat=2 -Wstrict-prototypes -Wmissing-prototypes -Wnested-externs -Wbad-function-cast -Wold-style-definition -Wdeclaration-after-statement -Wunused -Wuninitialized -Wshadow -Wcast-qual -Wmissing-noreturn -Wmissing-format-attribute -Wredundant-decls -Werror=implicit -Werror=nonnull -Werror=init-self -Werror=main -Werror=missing-braces -Werror=sequence-point -Werror=return-type -Werror=trigraphs -Werror=array-bounds -Werror=write-strings -Werror=address -Werror=int-to-pointer-cast -Werror=pointer-to-int-cast -fno-strict-aliasing -fvisibility=hidden -I/usr/include/pixman-1 -I/usr/include/xorg    '
XORG_LIBS='-lpixman-1 -lpciaccess  '
XORG_MAN_PAGE='X Version 11'
XSERVER_LIBPCIACCESS_FALSE='#'
XSERVER_LIBPCIACCESS_TRUE=''
ac_ct_AR='ar'
ac_ct_CC='gcc'
ac_ct_DUMPBIN=''
am__EXEEXT_FALSE=''
am__EXEEXT_TRUE='#'
am__fastdepCC_FALSE='#'
am__fastdepCC_TRUE=''
am__include='include'
am__isrc=''
am__leading_dot='.'
am__nodep='_no'
am__quote=''
am__tar='$${TAR-tar} chof - "$$tardir"'
am__untar='$${TAR-tar} xf -'
bindir='${exec_prefix}/bin'
build='x86_64-unknown-linux-gnu'
build_alias=''
build_cpu='x86_64'
build_os='linux-gnu'
build_vendor='unknown'
datadir='${datarootdir}'
datarootdir='${prefix}/share'
docdir='${datarootdir}/doc/${PACKAGE_TARNAME}'
dvidir='${docdir}'
exec_prefix='${prefix}'
host='x86_64-unknown-linux-gnu'
host_alias=''
host_cpu='x86_64'
host_os='linux-gnu'
host_vendor='unknown'
htmldir='${docdir}'
includedir='${prefix}/include'
infodir='${datarootdir}/info'
install_sh='${SHELL} /home/juliao/setic/siliconmotion_4.0.11/install-sh'
libdir='${exec_prefix}/lib'
libexecdir='${exec_prefix}/libexec'
localedir='${datarootdir}/locale'
localstatedir='${prefix}/var'
mandir='${datarootdir}/man'
mkdir_p='/bin/mkdir -p'
moduledir='${exec_prefix}/lib/xorg/modules'
oldincludedir='/usr/include'
pdfdir='${docdir}'
prefix='/usr/local'
program_transform_name='s,x,x,'
psdir='${docdir}'
sbindir='${exec_prefix}/sbin'
sharedstatedir='${prefix}/com'
sysconfdir='${prefix}/etc'
target_alias=''

## ----------- ##
## confdefs.h. ##
## ----------- ##

/* confdefs.h */
#define PACKAGE_NAME "xf86-video-siliconmotion"
#define PACKAGE_TARNAME "xf86-video-siliconmotion"
#define PACKAGE_VERSION "4.0.6"
#define PACKAGE_STRING "xf86-video-siliconmotion 4.0.6"
#define PACKAGE_BUGREPORT "https://bugs.freedesktop.org/enter_bug.cgi?product=xorg&component=Driver/siliconmotion"
#define PACKAGE_URL ""
#define PACKAGE "xf86-video-siliconmotion"
#define VERSION "4.0.6"
#define STDC_HEADERS 1
#define HAVE_SYS_TYPES_H 1
#define HAVE_SYS_STAT_H 1
#define HAVE_STDLIB_H 1
#define HAVE_STRING_H 1
#define HAVE_MEMORY_H 1
#define HAVE_STRINGS_H 1
#define HAVE_INTTYPES_H 1
#define HAVE_STDINT_H 1
#define HAVE_UNISTD_H 1
#define HAVE_DLFCN_H 1
#define LT_OBJDIR ".libs/"
#define SMI_RANDR 1
#define STDC_HEADERS 1
#define HAVE_XMODES 1
#define PACKAGE_VERSION_MAJOR 4
#define PACKAGE_VERSION_MINOR 0
#define PACKAGE_VERSION_PATCHLEVEL 6

configure: exit 0
